[    0.000000] Initializing cgroup subsys cpuset
[    0.000000] Initializing cgroup subsys cpu
[    0.000000] Initializing cgroup subsys cpuacct
[    0.000000] Linux version 4.4.0-184-generic (buildd@lgw01-amd64-060) (gcc version 5.4.0 20160609 (Ubuntu 5.4.0-6ubuntu1~16.04.12) ) #214-Ubuntu SMP Thu Jun 4 10:14:11 UTC 2020 (Ubuntu 4.4.0-184.214-generic 4.4.223)
[    0.000000] Command line: BOOT_IMAGE=/boot/vmlinuz-4.4.0-184-generic root=LABEL=cloudimg-rootfs ro console=tty1 console=ttyS0
[    0.000000] KERNEL supported cpus:
[    0.000000]   Intel GenuineIntel
[    0.000000]   AMD AuthenticAMD
[    0.000000]   Centaur CentaurHauls
[    0.000000] x86/fpu: xstate_offset[2]:  576, xstate_sizes[2]:  256
[    0.000000] x86/fpu: Supporting XSAVE feature 0x01: 'x87 floating point registers'
[    0.000000] x86/fpu: Supporting XSAVE feature 0x02: 'SSE registers'
[    0.000000] x86/fpu: Supporting XSAVE feature 0x04: 'AVX registers'
[    0.000000] x86/fpu: Enabled xstate features 0x7, context size is 832 bytes, using 'standard' format.
[    0.000000] e820: BIOS-provided physical RAM map:
[    0.000000] BIOS-e820: [mem 0x0000000000000000-0x000000000009fbff] usable
[    0.000000] BIOS-e820: [mem 0x000000000009fc00-0x000000000009ffff] reserved
[    0.000000] BIOS-e820: [mem 0x00000000000f0000-0x00000000000fffff] reserved
[    0.000000] BIOS-e820: [mem 0x0000000000100000-0x000000003ffeffff] usable
[    0.000000] BIOS-e820: [mem 0x000000003fff0000-0x000000003fffffff] ACPI data
[    0.000000] BIOS-e820: [mem 0x00000000fec00000-0x00000000fec00fff] reserved
[    0.000000] BIOS-e820: [mem 0x00000000fee00000-0x00000000fee00fff] reserved
[    0.000000] BIOS-e820: [mem 0x00000000fffc0000-0x00000000ffffffff] reserved
[    0.000000] NX (Execute Disable) protection: active
[    0.000000] SMBIOS 2.5 present.
[    0.000000] Hypervisor detected: KVM
[    0.000000] e820: last_pfn = 0x3fff0 max_arch_pfn = 0x400000000
[    0.000000] MTRR: Disabled
[    0.000000] x86/PAT: MTRRs disabled, skipping PAT initialization too.
[    0.000000] CPU MTRRs all blank - virtualized system.
[    0.000000] x86/PAT: Configuration [0-7]: WB  WT  UC- UC  WB  WT  UC- UC  
[    0.000000] found SMP MP-table at [mem 0x0009fff0-0x0009ffff] mapped at [ffff88000009fff0]
[    0.000000] Scanning 1 areas for low memory corruption
[    0.000000] RAMDISK: [mem 0x362de000-0x37166fff]
[    0.000000] ACPI: Early table checksum verification disabled
[    0.000000] ACPI: RSDP 0x00000000000E0000 000024 (v02 VBOX  )
[    0.000000] ACPI: XSDT 0x000000003FFF0030 00003C (v01 VBOX   VBOXXSDT 00000001 ASL  00000061)
[    0.000000] ACPI: FACP 0x000000003FFF00F0 0000F4 (v04 VBOX   VBOXFACP 00000001 ASL  00000061)
[    0.000000] ACPI: DSDT 0x000000003FFF0470 002325 (v02 VBOX   VBOXBIOS 00000002 INTL 20100528)
[    0.000000] ACPI: FACS 0x000000003FFF0200 000040
[    0.000000] ACPI: FACS 0x000000003FFF0200 000040
[    0.000000] ACPI: APIC 0x000000003FFF0240 00005C (v02 VBOX   VBOXAPIC 00000001 ASL  00000061)
[    0.000000] ACPI: SSDT 0x000000003FFF02A0 0001CC (v01 VBOX   VBOXCPUT 00000002 INTL 20100528)
[    0.000000] No NUMA configuration found
[    0.000000] Faking a node at [mem 0x0000000000000000-0x000000003ffeffff]
[    0.000000] NODE_DATA(0) allocated [mem 0x3ffeb000-0x3ffeffff]
[    0.000000] kvm-clock: Using msrs 4b564d01 and 4b564d00
[    0.000000] kvm-clock: cpu 0, msr 0:3ffe3001, primary cpu clock
[    0.000000] kvm-clock: using sched offset of 3542942369 cycles
[    0.000000] clocksource: kvm-clock: mask: 0xffffffffffffffff max_cycles: 0x1cd42e4dffb, max_idle_ns: 881590591483 ns
[    0.000000] Zone ranges:
[    0.000000]   DMA      [mem 0x0000000000001000-0x0000000000ffffff]
[    0.000000]   DMA32    [mem 0x0000000001000000-0x000000003ffeffff]
[    0.000000]   Normal   empty
[    0.000000]   Device   empty
[    0.000000] Movable zone start for each node
[    0.000000] Early memory node ranges
[    0.000000]   node   0: [mem 0x0000000000001000-0x000000000009efff]
[    0.000000]   node   0: [mem 0x0000000000100000-0x000000003ffeffff]
[    0.000000] Initmem setup node 0 [mem 0x0000000000001000-0x000000003ffeffff]
[    0.000000] ACPI: PM-Timer IO Port: 0x4008
[    0.000000] IOAPIC[0]: apic_id 2, version 32, address 0xfec00000, GSI 0-23
[    0.000000] ACPI: INT_SRC_OVR (bus 0 bus_irq 0 global_irq 2 dfl dfl)
[    0.000000] ACPI: INT_SRC_OVR (bus 0 bus_irq 9 global_irq 9 low level)
[    0.000000] Using ACPI (MADT) for SMP configuration information
[    0.000000] smpboot: Allowing 2 CPUs, 0 hotplug CPUs
[    0.000000] PM: Registered nosave memory: [mem 0x00000000-0x00000fff]
[    0.000000] PM: Registered nosave memory: [mem 0x0009f000-0x0009ffff]
[    0.000000] PM: Registered nosave memory: [mem 0x000a0000-0x000effff]
[    0.000000] PM: Registered nosave memory: [mem 0x000f0000-0x000fffff]
[    0.000000] e820: [mem 0x40000000-0xfebfffff] available for PCI devices
[    0.000000] Booting paravirtualized kernel on KVM
[    0.000000] clocksource: refined-jiffies: mask: 0xffffffff max_cycles: 0xffffffff, max_idle_ns: 7645519600211568 ns
[    0.000000] setup_percpu: NR_CPUS:512 nr_cpumask_bits:512 nr_cpu_ids:2 nr_node_ids:1
[    0.000000] PERCPU: Embedded 33 pages/cpu @ffff88003fc00000 s95448 r8192 d31528 u1048576
[    0.000000] Built 1 zonelists in Node order, mobility grouping on.  Total pages: 257912
[    0.000000] Policy zone: DMA32
[    0.000000] Kernel command line: BOOT_IMAGE=/boot/vmlinuz-4.4.0-184-generic root=LABEL=cloudimg-rootfs ro console=tty1 console=ttyS0
[    0.000000] PID hash table entries: 4096 (order: 3, 32768 bytes)
[    0.000000] Memory: 997664K/1048120K available (8632K kernel code, 1336K rwdata, 4036K rodata, 1492K init, 1292K bss, 50456K reserved, 0K cma-reserved)
[    0.000000] SLUB: HWalign=64, Order=0-3, MinObjects=0, CPUs=2, Nodes=1
[    0.000000] Kernel/User page tables isolation: enabled
[    0.000000] Hierarchical RCU implementation.
[    0.000000] 	Build-time adjustment of leaf fanout to 64.
[    0.000000] 	RCU restricting CPUs from NR_CPUS=512 to nr_cpu_ids=2.
[    0.000000] RCU: Adjusting geometry for rcu_fanout_leaf=64, nr_cpu_ids=2
[    0.000000] NR_IRQS:33024 nr_irqs:440 16
[    0.000000] Console: colour VGA+ 80x25
[    0.000000] console [tty1] enabled
[    0.000000] console [ttyS0] enabled
[    0.000000] tsc: Detected 2400.000 MHz processor
[    0.161530] Calibrating delay loop (skipped) preset value.. 4800.00 BogoMIPS (lpj=9600000)
[    0.163647] pid_max: default: 32768 minimum: 301
[    0.164749] ACPI: Core revision 20150930
[    0.167308] ACPI: 2 ACPI AML tables successfully acquired and loaded
[    0.168612] Security Framework initialized
[    0.169486] Yama: becoming mindful.
[    0.170262] AppArmor: AppArmor initialized
[    0.171187] Dentry cache hash table entries: 131072 (order: 8, 1048576 bytes)
[    0.175104] Inode-cache hash table entries: 65536 (order: 7, 524288 bytes)
[    0.176488] Mount-cache hash table entries: 2048 (order: 2, 16384 bytes)
[    0.177721] Mountpoint-cache hash table entries: 2048 (order: 2, 16384 bytes)
[    0.179354] Initializing cgroup subsys io
[    0.180293] Initializing cgroup subsys memory
[    0.181284] Initializing cgroup subsys devices
[    0.182182] Initializing cgroup subsys freezer
[    0.183203] Initializing cgroup subsys net_cls
[    0.184165] Initializing cgroup subsys perf_event
[    0.185354] Initializing cgroup subsys net_prio
[    0.186469] Initializing cgroup subsys hugetlb
[    0.187450] Initializing cgroup subsys pids
[    0.189359] mce: CPU supports 0 MCE banks
[    0.190299] Last level iTLB entries: 4KB 64, 2MB 8, 4MB 8
[    0.191418] Last level dTLB entries: 4KB 64, 2MB 0, 4MB 0, 1GB 4
[    0.192807] Spectre V1 : Mitigation: usercopy/swapgs barriers and __user pointer sanitization
[    0.195050] Spectre V2 : Mitigation: Full generic retpoline
[    0.196565] Spectre V2 : Spectre v2 / SpectreRSB mitigation: Filling RSB on context switch
[    0.198346] Speculative Store Bypass: Vulnerable
[    0.199314] SRBDS: Unknown: Dependent on hypervisor status
[    0.200680] MDS: Mitigation: Clear CPU buffers
[    0.204367] Freeing SMP alternatives memory: 36K
[    0.211262] ftrace: allocating 32319 entries in 127 pages
[    0.272252] smpboot: APIC(0) Converting physical 0 to logical package 0
[    0.273754] smpboot: Max logical packages: 1
[    0.275170] x2apic enabled
[    0.276272] Switched APIC routing to physical x2apic.
[    0.278909] ..TIMER: vector=0x30 apic1=0 pin1=2 apic2=-1 pin2=-1
[    0.388337] smpboot: CPU0: Intel(R) Core(TM) i5-9300H CPU @ 2.40GHz (family: 0x6, model: 0x9e, stepping: 0xa)
[    0.390812] Performance Events: unsupported p6 CPU model 158 no PMU driver, software events only.
[    0.403397] KVM setup paravirtual spinlock
[    0.405186] x86: Booting SMP configuration:
[    0.406141] .... node  #0, CPUs:      #1
[    0.407156] kvm-clock: cpu 1, msr 0:3ffe3041, secondary cpu clock
[    0.409443] mce: CPU supports 0 MCE banks
[    0.412088] x86: Booted up 1 node, 2 CPUs
[    0.413278] smpboot: Total of 2 processors activated (9600.00 BogoMIPS)
[    0.415598] devtmpfs: initialized
[    0.418055] evm: security.selinux
[    0.418903] evm: security.SMACK64
[    0.419717] evm: security.SMACK64EXEC
[    0.420600] evm: security.SMACK64TRANSMUTE
[    0.421668] evm: security.SMACK64MMAP
[    0.422656] evm: security.ima
[    0.423407] evm: security.capability
[    0.424497] clocksource: jiffies: mask: 0xffffffff max_cycles: 0xffffffff, max_idle_ns: 7645041785100000 ns
[    0.426533] futex hash table entries: 512 (order: 3, 32768 bytes)
[    0.427919] pinctrl core: initialized pinctrl subsystem
[    0.429201] RTC time: 14:40:10, date: 06/30/20
[    0.430413] NET: Registered protocol family 16
[    0.441006] cpuidle: using governor ladder
[    0.453901] cpuidle: using governor menu
[    0.454936] PCCT header not found.
[    0.455823] ACPI: bus type PCI registered
[    0.456781] acpiphp: ACPI Hot Plug PCI Controller Driver version: 0.5
[    0.458234] PCI: Using configuration type 1 for base access
[    0.469467] ACPI: Added _OSI(Module Device)
[    0.470525] ACPI: Added _OSI(Processor Device)
[    0.471771] ACPI: Added _OSI(3.0 _SCP Extensions)
[    0.472842] ACPI: Added _OSI(Processor Aggregator Device)
[    0.474609] ACPI: Executed 1 blocks of module-level executable AML code
[    0.478340] ACPI: Interpreter enabled
[    0.479264] ACPI: (supports S0 S5)
[    0.480150] ACPI: Using IOAPIC for interrupt routing
[    0.481358] PCI: Using host bridge windows from ACPI; if necessary, use "pci=nocrs" and report a bug
[    0.486899] ACPI: PCI Root Bridge [PCI0] (domain 0000 [bus 00-ff])
[    0.488193] acpi PNP0A03:00: _OSC: OS supports [ASPM ClockPM Segments MSI]
[    0.489872] acpi PNP0A03:00: _OSC: not requesting OS control; OS requires [ExtendedConfig ASPM ClockPM MSI]
[    0.492139] acpi PNP0A03:00: fail to add MMCONFIG information, can't access extended PCI configuration space under this bridge.
[    0.495017] PCI host bridge to bus 0000:00
[    0.495954] pci_bus 0000:00: root bus resource [io  0x0000-0x0cf7 window]
[    0.497404] pci_bus 0000:00: root bus resource [io  0x0d00-0xffff window]
[    0.498911] pci_bus 0000:00: root bus resource [mem 0x000a0000-0x000bffff window]
[    0.500653] pci_bus 0000:00: root bus resource [mem 0x40000000-0xfdffffff window]
[    0.502464] pci_bus 0000:00: root bus resource [bus 00-ff]
[    0.505409] pci 0000:00:01.1: legacy IDE quirk: reg 0x10: [io  0x01f0-0x01f7]
[    0.506992] pci 0000:00:01.1: legacy IDE quirk: reg 0x14: [io  0x03f6]
[    0.508375] pci 0000:00:01.1: legacy IDE quirk: reg 0x18: [io  0x0170-0x0177]
[    0.521582] pci 0000:00:01.1: legacy IDE quirk: reg 0x1c: [io  0x0376]
[    0.535663] pci 0000:00:07.0: quirk: [io  0x4000-0x403f] claimed by PIIX4 ACPI
[    0.537334] pci 0000:00:07.0: quirk: [io  0x4100-0x410f] claimed by PIIX4 SMB
[    0.547503] ACPI: PCI Interrupt Link [LNKA] (IRQs 5 9 10 *11)
[    0.549601] ACPI: PCI Interrupt Link [LNKB] (IRQs 5 9 *10 11)
[    0.551463] ACPI: PCI Interrupt Link [LNKC] (IRQs 5 *9 10 11)
[    0.553328] ACPI: PCI Interrupt Link [LNKD] (IRQs 5 9 10 *11)
[    0.555380] ACPI: Enabled 2 GPEs in block 00 to 07
[    0.557066] vgaarb: setting as boot device: PCI:0000:00:02.0
[    0.558351] vgaarb: device added: PCI:0000:00:02.0,decodes=io+mem,owns=io+mem,locks=none
[    0.560191] vgaarb: loaded
[    0.560979] vgaarb: bridge control possible 0000:00:02.0
[    0.562362] SCSI subsystem initialized
[    0.563469] ACPI: bus type USB registered
[    0.564539] usbcore: registered new interface driver usbfs
[    0.565742] usbcore: registered new interface driver hub
[    0.566892] usbcore: registered new device driver usb
[    0.568653] PCI: Using ACPI for IRQ routing
[    0.572468] NetLabel: Initializing
[    0.573394] NetLabel:  domain hash size = 128
[    0.574597] NetLabel:  protocols = UNLABELED CIPSOv4
[    0.576208] NetLabel:  unlabeled traffic allowed by default
[    0.577702] amd_nb: Cannot enumerate AMD northbridges
[    0.578953] clocksource: Switched to clocksource kvm-clock
[    0.590132] AppArmor: AppArmor Filesystem Enabled
[    0.591315] pnp: PnP ACPI init
[    0.592873] pnp: PnP ACPI: found 3 devices
[    0.605417] clocksource: acpi_pm: mask: 0xffffff max_cycles: 0xffffff, max_idle_ns: 2085701024 ns
[    0.607429] NET: Registered protocol family 2
[    0.608582] TCP established hash table entries: 8192 (order: 4, 65536 bytes)
[    0.610363] TCP bind hash table entries: 8192 (order: 5, 131072 bytes)
[    0.612182] TCP: Hash tables configured (established 8192 bind 8192)
[    0.613487] UDP hash table entries: 512 (order: 2, 16384 bytes)
[    0.614750] UDP-Lite hash table entries: 512 (order: 2, 16384 bytes)
[    0.616380] NET: Registered protocol family 1
[    0.617638] pci 0000:00:00.0: Limiting direct PCI/PCI transfers
[    0.619380] pci 0000:00:01.0: Activating ISA DMA hang workarounds
[    0.620765] Unpacking initramfs...
[    0.827501] Freeing initrd memory: 14884K
[    0.828569] clocksource: tsc: mask: 0xffffffffffffffff max_cycles: 0x22983777dd9, max_idle_ns: 440795300422 ns
[    0.830688] platform rtc_cmos: registered platform RTC device (no PNP device found)
[    0.832585] Scanning for low memory corruption every 60 seconds
[    0.834291] audit: initializing netlink subsys (disabled)
[    0.835509] audit: type=2000 audit(1593528016.056:1): initialized
[    0.836965] Initialise system trusted keyring
[    0.838304] HugeTLB registered 2 MB page size, pre-allocated 0 pages
[    0.841323] zbud: loaded
[    0.842566] VFS: Disk quotas dquot_6.6.0
[    0.843747] VFS: Dquot-cache hash table entries: 512 (order 0, 4096 bytes)
[    0.845504] squashfs: version 4.0 (2009/01/31) Phillip Lougher
[    0.847733] fuse init (API version 7.23)
[    0.848859] Key type big_key registered
[    0.849830] Allocating IMA MOK and blacklist keyrings.
[    0.853118] Key type asymmetric registered
[    0.854134] Asymmetric key parser 'x509' registered
[    0.855277] Block layer SCSI generic (bsg) driver version 0.4 loaded (major 249)
[    0.857089] io scheduler noop registered
[    0.858014] io scheduler deadline registered (default)
[    0.859313] io scheduler cfq registered
[    0.860664] pci_hotplug: PCI Hot Plug PCI Core version: 0.5
[    0.861972] pciehp: PCI Express Hot Plug Controller Driver version: 0.4
[    0.863649] ACPI: AC Adapter [AC] (on-line)
[    0.864673] input: Power Button as /devices/LNXSYSTM:00/LNXPWRBN:00/input/input0
[    0.866723] ACPI: Power Button [PWRF]
[    0.867852] input: Sleep Button as /devices/LNXSYSTM:00/LNXSLPBN:00/input/input1
[    0.869603] ACPI: Sleep Button [SLPF]
[    0.871338] ACPI: Battery Slot [BAT0] (battery present)
[    0.872458] GHES: HEST is not enabled!
[    0.873525] Serial: 8250/16550 driver, 32 ports, IRQ sharing enabled
[    0.895636] 00:02: ttyS0 at I/O 0x3f8 (irq = 4, base_baud = 115200) is a 16550A
[    0.898308] Linux agpgart interface v0.103
[    0.900776] loop: module loaded
[    0.902215] scsi host0: ata_piix
[    0.903135] scsi host1: ata_piix
[    0.903914] ata1: PATA max UDMA/33 cmd 0x1f0 ctl 0x3f6 bmdma 0xd000 irq 14
[    0.905197] ata2: PATA max UDMA/33 cmd 0x170 ctl 0x376 bmdma 0xd008 irq 15
[    0.906633] libphy: Fixed MDIO Bus: probed
[    0.907532] tun: Universal TUN/TAP device driver, 1.6
[    0.908628] tun: (C) 1999-2004 Max Krasnyansky <maxk@qualcomm.com>
[    0.910088] PPP generic driver version 2.4.2
[    0.911159] ehci_hcd: USB 2.0 'Enhanced' Host Controller (EHCI) Driver
[    0.912604] ehci-pci: EHCI PCI platform driver
[    0.913882] ehci-platform: EHCI generic platform driver
[    0.915683] ohci_hcd: USB 1.1 'Open' Host Controller (OHCI) Driver
[    0.917738] ohci-pci: OHCI PCI platform driver
[    0.919496] ohci-platform: OHCI generic platform driver
[    0.921522] uhci_hcd: USB Universal Host Controller Interface driver
[    0.923536] i8042: PNP: PS/2 Controller [PNP0303:PS2K,PNP0f03:PS2M] at 0x60,0x64 irq 1,12
[    0.926056] serio: i8042 KBD port at 0x60,0x64 irq 1
[    0.927141] serio: i8042 AUX port at 0x60,0x64 irq 12
[    0.928266] mousedev: PS/2 mouse device common for all mice
[    0.929759] rtc_cmos rtc_cmos: rtc core: registered rtc_cmos as rtc0
[    0.931049] rtc_cmos rtc_cmos: alarms up to one day, 114 bytes nvram
[    0.932538] i2c /dev entries driver
[    0.933393] input: AT Translated Set 2 keyboard as /devices/platform/i8042/serio0/input/input2
[    0.935405] device-mapper: uevent: version 1.0.3
[    0.936437] device-mapper: ioctl: 4.34.0-ioctl (2015-10-28) initialised: dm-devel@redhat.com
[    0.938153] ledtrig-cpu: registered to indicate activity on CPUs
[    0.939908] NET: Registered protocol family 10
[    0.941083] NET: Registered protocol family 17
[    0.942238] Key type dns_resolver registered
[    0.943667] registered taskstats version 1
[    0.944881] Loading compiled-in X.509 certificates
[    0.946579] Loaded X.509 cert 'Build time autogenerated kernel key: b6ae09eed57f82583ccd3c65c463e852cdd7a0b5'
[    0.948896] zswap: loaded using pool lzo/zbud
[    0.952402] Key type trusted registered
[    0.957146] Key type encrypted registered
[    0.958167] AppArmor: AppArmor sha1 policy hashing enabled
[    0.959361] ima: No TPM chip found, activating TPM-bypass!
[    0.960513] ima: Allocated hash algorithm: sha1
[    0.961584] evm: HMAC attrs: 0x1
[    0.962902]   Magic number: 8:871:688
[    0.964193] rtc_cmos rtc_cmos: setting system clock to 2020-06-30 14:40:11 UTC (1593528011)
[    0.966218] BIOS EDD facility v0.16 2004-Jun-25, 0 devices found
[    0.967526] EDD information not available.
[    1.083779] Freeing unused kernel memory: 1492K
[    1.084890] Write protecting the kernel read-only data: 14336k
[    1.086605] Freeing unused kernel memory: 1596K
[    1.087914] Freeing unused kernel memory: 60K
Loading, please wait...
starting version 229
[    1.102037] random: udevadm: uninitialized urandom read (16 bytes read, 3 bits of entropy available)
[    1.104532] random: udevadm: uninitialized urandom read (16 bytes read, 3 bits of entropy available)
[    1.108316] random: systemd-udevd: uninitialized urandom read (16 bytes read, 3 bits of entropy available)
[    1.110522] random: systemd-udevd: uninitialized urandom read (16 bytes read, 3 bits of entropy available)
[    1.112912] random: systemd-udevd: uninitialized urandom read (16 bytes read, 3 bits of entropy available)
[    1.115043] random: systemd-udevd: uninitialized urandom read (16 bytes read, 3 bits of entropy available)
[    1.116231] random: udevadm: uninitialized urandom read (16 bytes read, 3 bits of entropy available)
[    1.116282] random: udevadm: uninitialized urandom read (16 bytes read, 3 bits of entropy available)
[    1.116451] random: udevadm: uninitialized urandom read (16 bytes read, 3 bits of entropy available)
[    1.116510] random: udevadm: uninitialized urandom read (16 bytes read, 3 bits of entropy available)
[    1.158707] e1000: Intel(R) PRO/1000 Network Driver - version 7.3.21-k8-NAPI
[    1.160228] e1000: Copyright (c) 1999-2006 Intel Corporation.
[    1.165462] Fusion MPT base driver 3.04.20
[    1.166530] Copyright (c) 1999-2008 LSI Corporation
[    1.171686] Fusion MPT SPI Host driver 3.04.20
[    1.181984] AVX2 version of gcm_enc/dec engaged.
[    1.183056] AES CTR mode by8 optimization enabled
[    1.375951] input: ImExPS/2 Generic Explorer Mouse as /devices/platform/i8042/serio1/input/input4
[    1.533709] e1000 0000:00:03.0 eth0: (PCI:33MHz:32-bit) 02:89:fa:04:16:8f
[    1.535264] e1000 0000:00:03.0 eth0: Intel(R) PRO/1000 Network Connection
[    2.472095] e1000 0000:00:08.0 eth1: (PCI:33MHz:32-bit) 08:00:27:36:15:5a
[    2.473511] e1000 0000:00:08.0 eth1: Intel(R) PRO/1000 Network Connection
[    2.475957] mptbase: ioc0: Initiating bringup
[    2.476514] e1000 0000:00:03.0 enp0s3: renamed from eth0
[    2.492084] e1000 0000:00:08.0 enp0s8: renamed from eth1
[    2.547583] ioc0: LSI53C1030 A0: Capabilities={Initiator}
[    2.710013] scsi host2: ioc0: LSI53C1030 A0, FwRev=00000000h, Ports=1, MaxQ=256, IRQ=20
[    2.823983] scsi 2:0:0:0: Direct-Access     VBOX     HARDDISK         1.0  PQ: 0 ANSI: 5
[    2.825922] scsi target2:0:0: Beginning Domain Validation
[    2.829538] scsi target2:0:0: Domain Validation skipping write tests
[    2.831170] scsi target2:0:0: Ending Domain Validation
[    2.832477] scsi target2:0:0: asynchronous
[    2.834272] scsi 2:0:1:0: Direct-Access     VBOX     HARDDISK         1.0  PQ: 0 ANSI: 5
[    2.847753] scsi target2:0:1: Beginning Domain Validation
[    2.851214] scsi target2:0:1: Domain Validation skipping write tests
[    2.853339] scsi target2:0:1: Ending Domain Validation
[    2.854719] scsi target2:0:1: asynchronous
[    2.863001] sd 2:0:0:0: [sda] 20971520 512-byte logical blocks: (10.7 GB/10.0 GiB)
[    2.863181] sd 2:0:0:0: Attached scsi generic sg0 type 0
[    2.866448] sd 2:0:0:0: [sda] Write Protect is off
[    2.866711] sd 2:0:1:0: [sdb] 20480 512-byte logical blocks: (10.5 MB/10.0 MiB)
[    2.866731] sd 2:0:1:0: Attached scsi generic sg1 type 0
[    2.867008] sd 2:0:1:0: [sdb] Write Protect is off
[    2.867142] sd 2:0:1:0: [sdb] Incomplete mode parameter data
[    2.867144] sd 2:0:1:0: [sdb] Assuming drive cache: write through
[    2.874140] sd 2:0:1:0: [sdb] Attached SCSI disk
[    2.876648] sd 2:0:0:0: [sda] Incomplete mode parameter data
[    2.877876] sd 2:0:0:0: [sda] Assuming drive cache: write through
[    2.880959]  sda: sda1
[    2.883019] sd 2:0:0:0: [sda] Attached SCSI disk
Begin: Loading essential drivers ... [    4.324580] md: linear personality registered for level -1
[    4.328185] md: multipath personality registered for level -4
[    4.332039] md: raid0 personality registered for level 0
[    4.336511] md: raid1 personality registered for level 1
[    4.407464] raid6: sse2x1   gen() 12864 MB/s
[    4.474978] raid6: sse2x1   xor()  8983 MB/s
[    4.543113] raid6: sse2x2   gen() 14853 MB/s
[    4.611035] raid6: sse2x2   xor()  9777 MB/s
[    4.679532] raid6: sse2x4   gen() 16017 MB/s
[    4.747718] raid6: sse2x4   xor()  9145 MB/s
[    4.815521] raid6: avx2x1   gen() 24092 MB/s
[    4.882978] raid6: avx2x2   gen() 26051 MB/s
[    4.951161] raid6: avx2x4   gen() 30494 MB/s
[    4.952215] raid6: using algorithm avx2x4 gen() 30494 MB/s
[    4.953334] raid6: using avx2x2 recovery algorithm
[    4.955744] xor: automatically using best checksumming function:
[    4.995108]    avx       : 26462.000 MB/sec
[    4.997209] async_tx: api initialized (async)
[    5.009254] md: raid6 personality registered for level 6
[    5.010477] md: raid5 personality registered for level 5
[    5.011815] md: raid4 personality registered for level 4
[    5.019268] md: raid10 personality registered for level 10
done.
Begin: Running /scripts/init-premount ... done.
Begin: Mounting root file system ... Begin: Running /scripts/local-top ... done.
Begin: Running /scripts/local-premount ... [    5.051030] Btrfs loaded
Scanning for Btrfs filesystems
done.
Warning: fsck not present, so skipping root file system
[    5.092059] EXT4-fs (sda1): mounted filesystem with ordered data mode. Opts: (null)
done.
Begin: Running /scripts/local-bottom ... done.
Begin: Running /scripts/init-bottom ... done.
[    5.201458] systemd[1]: systemd 229 running in system mode. (+PAM +AUDIT +SELINUX +IMA +APPARMOR +SMACK +SYSVINIT +UTMP +LIBCRYPTSETUP +GCRYPT +GNUTLS +ACL +XZ -LZ4 +SECCOMP +BLKID +ELFUTILS +KMOD -IDN)
[    5.205247] systemd[1]: Detected virtualization oracle.
[    5.206496] systemd[1]: Detected architecture x86-64.

Welcome to [1mUbuntu 16.04.6 LTS[0m!

[    5.210271] systemd[1]: Set hostname to <ubuntu>.
[    5.214158] systemd[1]: Initializing machine ID from random generator.
[    5.215529] systemd[1]: Installed transient /etc/machine-id file.
[    5.350383] systemd[1]: Listening on Journal Socket.
[[0;32m  OK  [0m] Listening on Journal Socket.
[    5.352505] systemd[1]: Started Forward Password Requests to Wall Directory Watch.
[[0;32m  OK  [0m] Started Forward Password Requests to Wall Directory Watch.
[    5.355478] systemd[1]: Listening on Device-mapper event daemon FIFOs.
[[0;32m  OK  [0m] Listening on Device-mapper event daemon FIFOs.
[    5.357621] systemd[1]: Listening on /dev/initctl Compatibility Named Pipe.
[[0;32m  OK  [0m] Listening on /dev/initctl Compatibility Named Pipe.
[    5.360355] systemd[1]: Created slice System Slice.
[[0;32m  OK  [0m] Created slice System Slice.
[    5.371427] systemd[1]: Starting Set console keymap...
         Starting Set console keymap...
[    5.375627] systemd[1]: Starting Load Kernel Modules...
         Starting Load Kernel Modules...
[    5.377374] systemd[1]: Listening on udev Control Socket.
[[0;32m  OK  [0m] Listening on udev Control Socket.
[    5.379409] systemd[1]: Reached target Encrypted Volumes.
[[0;32m  OK  [0m] Reached target Encrypted Volumes.
[    5.383609] Loading iSCSI transport class v2.0-870.
[    5.384148] systemd[1]: Mounting POSIX Message Queue File System...
         Mounting POSIX Message Queue File System...
[    5.391222] systemd[1]: Reached target Swap.
[[0;32m  OK  [0m] Reached target Swap.
[    5.393740] iscsi: registered transport (tcp)
[    5.399114] systemd[1]: Reached target System Time Synchronized.
[[0;32m  OK  [0m] Reached target System Time Synchronized.
[    5.402268] systemd[1]: Set up automount Arbitrary Executable File Formats File System Automount Point.
[[0;32m  OK  [0m] Set up automount Arbitrary Executab...ats File System Automount Point.
[    5.422354] iscsi: registered transport (iser)
[    5.423158] systemd[1]: Mounting Huge Pages File System...
         Mounting Huge Pages File System...
[    5.432196] systemd[1]: Mounting Debug File System...
         Mounting Debug File System...
[    5.435378] systemd[1]: Listening on Syslog Socket.
[[0;32m  OK  [0m] Listening on Syslog Socket.
[    5.444068] systemd[1]: Starting Remount Root and Kernel File Systems...
         Starting Remount Root and Kernel File Systems...
[    5.451338] EXT4-fs (sda1): re-mounted. Opts: (null)
[    5.456169] systemd[1]: Starting Uncomplicated firewall...
         Starting Uncomplicated firewall...
[    5.463401] systemd[1]: Started Trigger resolvconf update for networkd DNS.
[[0;32m  OK  [0m] Started Trigger resolvconf update for networkd DNS.
[    5.471750] systemd[1]: Starting Nameserver information manager...
         Starting Nameserver information manager...
[    5.473914] systemd[1]: Created slice system-serial\x2dgetty.slice.
[[0;32m  OK  [0m] Created slice system-serial\x2dgetty.slice.
[    5.483781] systemd[1]: Listening on Journal Audit Socket.
[[0;32m  OK  [0m] Listening on Journal Audit Socket.
[    5.486189] systemd[1]: Reached target User and Group Name Lookups.
[[0;32m  OK  [0m] Reached target User and Group Name Lookups.
[    5.495731] systemd[1]: Listening on LVM2 metadata daemon socket.
[[0;32m  OK  [0m] Listening on LVM2 metadata daemon socket.
[    5.516256] systemd[1]: Starting Monitoring of LVM2 mirrors, snapshots etc. using dmeventd or progress polling...
         Starting Monitoring of LVM2 mirrors... dmeventd or progress polling...
[    5.520648] systemd[1]: Starting Create list of required static device nodes for the current kernel...
         Starting Create list of required st... nodes for the current kernel...
[    5.523485] systemd[1]: Listening on udev Kernel Socket.
[[0;32m  OK  [0m] Listening on udev Kernel Socket.
[    5.526981] systemd[1]: Listening on Journal Socket (/dev/log).
[[0;32m  OK  [0m] Listening on Journal Socket (/dev/log).
[    5.533130] systemd[1]: Starting Journal Service...
         Starting Journal Service...
[    5.535109] systemd[1]: Listening on LVM2 poll daemon socket.
[[0;32m  OK  [0m] Listening on LVM2 poll daemon socket.
[    5.537750] systemd[1]: Created slice User and Session Slice.
[[0;32m  OK  [0m] Created slice User and Session Slice.
[    5.540466] systemd[1]: Reached target Slices.
[[0;32m  OK  [0m] Reached target Slices.
[    5.543827] systemd[1]: Mounted Huge Pages File System.
[[0;32m  OK  [0m] Mounted Huge Pages File System.
[    5.552023] systemd[1]: Mounted POSIX Message Queue File System.
[[0;32m  OK  [0m] Mounted POSIX Message Queue File System.
[    5.563135] systemd[1]: Mounted Debug File System.
[[0;32m  OK  [0m] Mounted Debug File System.
[    5.571205] systemd[1]: Started Journal Service.
[[0;32m  OK  [0m] Started Journal Service.
[[0;32m  OK  [0m] Started Set console keymap.
[[0;32m  OK  [0m] Started Load Kernel Modules.
[[0;32m  OK  [0m] Started Remount Root and Kernel File Systems.
[[0;32m  OK  [0m] Started Uncomplicated firewall.
[[0;32m  OK  [0m] Started Create list of required sta...ce nodes for the current kernel.
[[0;32m  OK  [0m] Started Nameserver information manager.
[[0;32m  OK  [0m] Started LVM2 metadata daemon.
         Starting Create Static Device Nodes in /dev...
         Starting Load/Save Random Seed...
         Starting udev Coldplug all Devices...
         Mounting FUSE Control File System...
         Starting Apply Kernel Variables...
         Starting Flush Journal to Persistent Storage...
[[0;32m  OK  [0m] Mounted FUSE Control File System.
[[0;32m  OK  [0m] Started Create Static Device Nodes in /dev.
[[0;32m  OK  [0m] Started Load/Save Random Seed.
[[0;32m  OK  [0m] Started Apply Kernel Variables.
         Starting udev Kernel Device Manager...
[[0;32m  OK  [0m] Started Flush Journal to Persistent Storage.
[[0;32m  OK  [0m] Started udev Coldplug all Devices.
[[0;32m  OK  [0m] Started udev Kernel Device Manager.
[[0;32m  OK  [0m] Started Dispatch Password Requests to Console Directory Watch.
[[0;32m  OK  [0m] Found device /dev/ttyS0.
[[0;32m  OK  [0m] Listening on Load/Save RF Kill Switch Status /dev/rfkill Watch.
[[0;32m  OK  [0m] Started Monitoring of LVM2 mirrors,...ng dmeventd or progress polling.
[[0;32m  OK  [0m] Reached target Local File Systems (Pre).
[[0;32m  OK  [0m] Reached target Local File Systems.
         Starting Initial cloud-init job (pre-networking)...
         Starting Create Volatile Files and Directories...
         Starting Set console font and keymap...
         Starting LSB: AppArmor initialization...
         Starting Commit a transient machine-id on disk...
         Starting Tell Plymouth To Write Out Runtime Data...
[[0;32m  OK  [0m] Started Create Volatile Files and Directories.
         Starting Update UTMP about System Boot/Shutdown...
[[0;32m  OK  [0m] Started Commit a transient machine-id on disk.
[[0;32m  OK  [0m] Started Tell Plymouth To Write Out Runtime Data.
[[0;32m  OK  [0m] Started Update UTMP about System Boot/Shutdown.
[[0;32m  OK  [0m] Started Set console font and keymap.
[[0;32m  OK  [0m] Created slice system-getty.slice.
[    7.705945] cloud-init[607]: Cloud-init v. 19.4-33-gbb4131a2-0ubuntu1~16.04.1 running 'init-local' at Tue, 30 Jun 2020 14:40:17 +0000. Up 7.14 seconds.
[[0;32m  OK  [0m] Started Initial cloud-init job (pre-networking).
[[0;32m  OK  [0m] Reached target Network (Pre).
[[0;32m  OK  [0m] Started LSB: AppArmor initialization.
         Starting Raise network interfaces...
[[0;32m  OK  [0m] Started Raise network interfaces.
[[0;32m  OK  [0m] Reached target Network.
         Starting Initial cloud-init job (metadata service crawler)...
[    9.201456] cloud-init[953]: Cloud-init v. 19.4-33-gbb4131a2-0ubuntu1~16.04.1 running 'init' at Tue, 30 Jun 2020 14:40:19 +0000. Up 8.61 seconds.
[    9.208743] cloud-init[953]: ci-info: ++++++++++++++++++++++++++++++++++++++Net device info+++++++++++++++++++++++++++++++++++++++
[    9.216599] cloud-init[953]: ci-info: +--------+-------+----------------------------+---------------+--------+-------------------+
[    9.224361] cloud-init[953]: ci-info: | Device |   Up  |          Address           |      Mask     | Scope  |     Hw-Address    |
[    9.232514] cloud-init[953]: ci-info: +--------+-------+----------------------------+---------------+--------+-------------------+
[    9.240492] cloud-init[953]: ci-info: | enp0s3 |  True |         10.0.2.15          | 255.255.255.0 | global | 02:89:fa:04:16:8f |
[    9.242521] cloud-init[953]: ci-info: | enp0s3 |  True | fe80::89:faff:fe04:168f/64 |       .       |  link  | 02:89:fa:04:16:8f |[[0;32m  OK  [0m] Started Initial cloud-init job (metadata service crawler).
[[0;32m  OK  [0m] Reached target Network is Online.

[    9.252248] cloud-init[953]: ci-info: | enp0s8 | False |             .              |       .       |   .    | 08:00:27:36:15:5a |
[    9.261722] cloud-init[953]: ci-info: |   lo   |  True |         127.0.0.1          |   255.0.0.0   |  host  |         .         |
[    9.261866] cloud-init[953]: ci-info: |   lo   |  True |          ::1/128           |       .       |  host  |         .         |
         Starting iSCSI initiator daemon (iscsid)...
[[    9.261971] cloud-init[953]: ci-info: +--------+-------+----------------------------+---------------+--------+-------------------+
[0;32m  OK  [0m] Reached target Cloud-config availability.
[[    9.264966] [0;32m  OK  [0m] cloud-initReached target System Initialization.[953]: 
ci-info: +++++++++++++++++++++++++++Route IPv4 info++++++++++++++++++++++++++++
[    9.272633] cloud-init[953]: ci-info: +-------+-------------+----------+---------------+-----------+-------+
[    9.272784] cloud-init[953]: ci-info: | Route | Destination | Gateway  |    Genmask    | Interface | Flags |
[    9.273027] cloud-init[953]: ci-info: +-------+-------------+----------+---------------+-----------+-------+
[    9.273541] cloud-init[953]: ci-info: |   0   |   0.0.0.0   | 10.0.2.2 |    0.0.0.0    |   enp0s3  |   UG  |
[    9.274091] cloud-init[953]: ci-info: |   1   |   10.0.2.0  | 0.0.0.0  | 255.255.255.0 |   enp0s3  |   U   |
[    9.274435] cloud-init[953]: ci-info: +-------+-------------+----------+---------------+-----------+-------+
[    9.274670] cloud-init[953]: ci-info: +++++++++++++++++++Route IPv6 info+++++++++++++++++++
[    9.274929] cloud-init[953]: ci-info: +-------+-------------+---------+-----------+-------+
[    9.275041] cloud-init[953]: ci-info: | Route | Destination | Gateway | Interface | Flags |
[    9.275440] cloud-init[953]: ci-info: +-------+-------------+---------+-----------+-------+
[    9.275693] cloud-init[953]: ci-info: |   0   |  fe80::/64  |    ::   |   enp0s3  |   U   |
[    9.275919] cloud-init[953]: ci-info: |   3   |   ff00::/8  |    ::   |   enp0s3  |   U   |
[    9.276193] cloud-init[953]: ci-info: +-------+-------------+---------+-----------+-------+
[    9.276582] cloud-init[953]: Generating public/private rsa key pair.
[    9.276838] cloud-init[953]: Your identification has been saved in /etc/ssh/ssh_host_rsa_key.
[    9.277099] cloud-init[953]: Your public key has been saved in /etc/ssh/ssh_host_rsa_key.pub.
[[0;32m  OK  [0m] Listening on ACPID Listen Socket.
[    9.278401] cloud-init[953]: The key fingerprint is:
[    9.292790] cloud-init[953]: SHA256:YJuT9dX3VxO14YC5k0XdbTexx0Ye2WG+pqSpyegFXF0 root@ubuntu-xenial
[[0;32m  OK  [0m] Listening on D-Bus System Message Bus Socket.
[    9.292949] cloud-init[953]: The key's randomart image is:
[    9.295215] cloud-init[953]: +---[RSA 2048]----+
[    9.305272] cloud-init[953]: |            +E.B@|
[    9.305495] [cloud-init[0;32m  OK  [0m[953]: ] |          .o.o=B%|Started ACPI Events Check.

[[    9.305543] cloud-init[953]: |      o .. .= .BX|
[    9.307055] cloud-init[953]: [0;32m  OK  [0m|     ..*.. =   o*|] 
Reached target Paths.
[[    9.307335] [0;32m  OK  [0mcloud-init] [953]: Started Message of the Day.|      =oS . .. oo|

[    9.318053] cloud-init[953]: |       ..   + o .|
[    9.318260] [cloud-init[0;32m  OK  [0m[953]: ] |         . o .   |Started Daily apt download activities.

[[    9.318305] [0;32m  OK  [0mcloud-init] [953]: Started Daily apt upgrade and clean activities.|        + o      |

[    9.326079] cloud-init[953]: |      .o +       |
[    9.326327] cloud-init[953]: +----[SHA256]-----+
[    9.326543] cloud-init[953]: Generating public/private dsa key pair.
[    9.326667] cloud-init[953]: Your identification has been saved in /etc/ssh/ssh_host_dsa_key.
[    9.326820] cloud-init[953]: Your public key has been saved in /etc/ssh/ssh_host_dsa_key.pub.
[    9.327500] cloud-init[953]: The key fingerprint is:
[    9.327775] cloud-init[953]: SHA256:S3nS8sPYY0fJ/lCpGcQuPmzjB+ulDCeZA37KTIzbvXA root@ubuntu-xenial
[    9.328364] cloud-init[953]: The key's randomart image is:
         Starting LXD - unix socket.
[    9.328500] cloud-init[953]: +---[DSA 1024]----+
[    9.328577] cloud-init[953]: |                 |
[    9.331576] cloud-init[953]: |           .     |
[    9.331831] cloud-init[953]: |            o    |
[    9.332375] cloud-init[953]: |         o + . . |
[    9.332621] cloud-init[953]: |      . S + * o  |
[    9.332904] cloud-init[953]: |     + o #.+ =   |
[    9.332936] cloud-init[953]: |    . = E #oB    |
[    9.333005] cloud-init[953]: |     * * X.O.o   |
[    9.333221] cloud-init[953]: |    . = oo=.  .  |
[    9.333486] cloud-init[953]: +----[SHA256]-----+
[    9.333754] cloud-init[953]: Generating public/private ecdsa key pair.
[[0;32m  OK  [0m] Listening on UUID daemon activation socket.
[[0;32m  OK  [0m] Started Daily Cleanup of Temporary Directories.
[[0;32m  OK  [0m] Reached target Timers.
         Starting Socket activation for snappy daemon.
[    9.334187] cloud-init[953]: Your identification has been saved in /etc/ssh/ssh_host_ecdsa_key.
[    9.340451] cloud-init[953]: Your public key has been saved in /etc/ssh/ssh_host_ecdsa_key.pub.
[    9.341662] cloud-init[953]: The key fingerprint is:
[    9.342376] cloud-init[953]: SHA256:VkWiZgxOgm7H1P30gOOPSiv88miCtmMHUfL1iP5YQKs root@ubuntu-xenial
[    9.343417] cloud-init[953]: The key's randomart image is:
[    9.344193] [[0;32m  OK  [0m] Listening on LXD - unix socket.
[[0;32m  OK  [0m] Listening on Socket activation for snappy daemon.
[[0;32m  OK  [0m] Reached target Sockets.
[[0;32m  OK  [0m] Reached target Basic System.
[[0;32m  OK  [0m] Started Deferred execution scheduler.
cloud-init[953]: +---[ECDSA 256]---+
[    9.347721] [[0;32m  OK  [0m] Started FUSE filesystem for LXC.
cloud-init[953]: |   ...o. ...o    |
         Starting Login Service...
[    9.350055] cloud-init[953]: | ..o.=.o+.oo     |
         Starting LSB: Record successful boot for GRUB...
         Starting Virtualbox guest utils...
         Starting Snappy daemon...
[[0;32m  OK  [0m] Started ACPI event daemon.
         Starting Pollinate to seed the pseudo random number generator...
[[0;32m  OK  [0m] Started Regular background program processing daemon.
         Starting System Logging Service...
         Starting Accounts Service...
         Starting /etc/rc.local Compatibility...
[[0;32m  OK  [0m] Started D-Bus System Message Bus.
[    9.355395] cloud-init[953]: | .=o+ +.=+.o     |
[    9.388464] cloud-init[953]: | .o=o. +... .    |
[    9.392563] cloud-init[953]: | .+..   So       |
[    9.404428] cloud-init[953]: | E . .... .      |
[    9.405433] cloud-init[953]: | ...+. o         |
[    9.407016] cloud-init[953]: |.+.o=oo          |
[    9.409342] cloud-init[953]: |o.+o.=o          |
[    9.421984] cloud-init[953]: +----[SHA256]-----+
[    9.422851] cloud-init[953]: Generating public/private ed25519 key pair.
[    9.423918] cloud-init[953]: Your identification has been saved in /etc/ssh/ssh_host_ed25519_key.
[    9.424875] cloud-init[953]: Your public key has been saved in /etc/ssh/ssh_host_ed25519_key.pub.
[    9.426531] cloud-init[953]: The key fingerprint is:
[    9.432893]          cloud-initStarting LSB: MD monitoring daemon...[953]: 
SHA256:/f3yv1ooqUJfNE0EOpq/qdLkUXmx9u67zB29SOEmQ2g root@ubuntu-xenial
         Starting LXD - container startup/shutdown...
[    9.434560] cloud-init[953]: The key's randomart image is:
[    9.448443] [[0;32m  OK  [0m] Started System Logging Service.
cloud-init[953]: +--[ED25519 256]--+
[    9.449546] [[0;32m  OK  [0m] Started iSCSI initiator daemon (iscsid).
[[0;32m  OK  [0m] Started /etc/rc.local Compatibility.
cloud-init[953]: |           .o.   |
[    9.452503] cloud-init[953]: |          .. .   |
[    9.454007] cloud-init[953]: |         o. =    |
[    9.455391] cloud-init[953]: |        o+o* .   |
[    9.456149] cloud-init[953]: |       oSE=.o.   |
[    9.457127] cloud-init[953]: |       +o .oooo .|
[    9.470817] cloud-init[953]: |      = o..=o=.o.|
[    9.471440] cloud-init[953]: |     . + .+ O.=.o|
[    9.472339] cloud-init[953]: |      ..o+  .O+**|
[    9.473226] cloud-init[953]: +----[SHA256]-----+
         Starting Authenticate and Authorize Users to Run Privileged Tasks...
         Starting Login to default iSCSI targets...
[[0;32m  OK  [0m] Started LSB: Record successful boot for GRUB.
[[0;32m  OK  [0m] Started LSB: MD monitoring daemon.
[[0;32m  OK  [0m] Started Login Service.
[[0;32m  OK  [0m] Started Authenticate and Authorize Users to Run Privileged Tasks.
[[0;32m  OK  [0m] Started Accounts Service.
[[0;32m  OK  [0m] Started Unattended Upgrades Shutdown.
[[0;32m  OK  [0m] Started Login to default iSCSI targets.
[[0;32m  OK  [0m] Reached target Remote File Systems (Pre).
[[0;32m  OK  [0m] Reached target Remote File Systems.
         Starting Permit User Sessions...
         Starting LSB: Set the CPU Frequency Scaling governor to "ondemand"...
         Starting LSB: automatic crash report generation...
         Starting LSB: daemon to balance interrupts for SMP systems...
[[0;32m  OK  [0m] Started Virtualbox guest utils.
[[0;32m  OK  [0m] Started LXD - container startup/shutdown.
[[0;32m  OK  [0m] Started Permit User Sessions.
         Starting Terminate Plymouth Boot Screen...
         Starting Hold until boot process finishes up...
[[0;32m  OK  [0m] Started LSB: Set the CPU Frequency Scaling governor to "ondemand".
[[0;32m  OK  [0m] Started LSB: automatic crash report generation.
[[0;32m  OK  [0m] Started LSB: daemon to balance interrupts for SMP systems.
[[0;32m  OK  [0m] Started Terminate Plymouth Boot Screen.
[[0;32m  OK  [0m] Started Hold until boot process finishes up.
[[0;32m  OK  [0m] Started Getty on tty1.
         Starting Set console scheme...
[[0;32m  OK  [0m] Started Serial Getty on ttyS0.
[[0;32m  OK  [0m] Reached target Login Prompts.
[[0;32m  OK  [0m] Started Set console scheme.
[[0;32m  OK  [0m] Started Snappy daemon.
         Starting Wait until snapd is fully seeded...
[[0;32m  OK  [0m] Started Pollinate to seed the pseudo random number generator.
         Starting OpenBSD Secure Shell server...
[[0;32m  OK  [0m] Started OpenBSD Secure Shell server.
[[0;32m  OK  [0m] Started Wait until snapd is fully seeded.
[[0;32m  OK  [0m] Reached target Multi-User System.
[[0;32m  OK  [0m] Reached target Graphical Interface.
         Starting Update UTMP about System Runlevel Changes...
         Starting Apply the settings specified in cloud-config...
[[0;32m  OK  [0m] Started Update UTMP about System Runlevel Changes.
[   10.867613] cloud-init[1311]: Generating locales (this might take a while)...
[[0;32m  OK  [0m] Created slice User Slice of vagrant.
         Starting User Manager for UID 1000...
[[0;32m  OK  [0m] Started Session 1 of user vagrant.
[   11.893499] cloud-init[1311]:   en_US.UTF-8... done
[   11.900463] cloud-init[1311]: Generation complete.
[[0;32m  OK  [0m] Started User Manager for UID 1000.
[   12.275133] cloud-init[1311]: Cloud-init v. 19.4-33-gbb4131a2-0ubuntu1~16.04.1 running 'modules:config' at Tue, 30 Jun 2020 14:40:21 +0000. Up 10.73 seconds.
[[0;32m  OK  [0m] Started Apply the settings specified in cloud-config.
         Starting Execute cloud user/final scripts...
ci-info: no authorized SSH keys fingerprints found for user ubuntu.
<14>Jun 30 14:40:23 ec2: 
<14>Jun 30 14:40:23 ec2: #############################################################
<14>Jun 30 14:40:23 ec2: -----BEGIN SSH HOST KEY FINGERPRINTS-----
<14>Jun 30 14:40:23 ec2: 1024 SHA256:S3nS8sPYY0fJ/lCpGcQuPmzjB+ulDCeZA37KTIzbvXA root@ubuntu-xenial (DSA)
<14>Jun 30 14:40:23 ec2: 256 SHA256:VkWiZgxOgm7H1P30gOOPSiv88miCtmMHUfL1iP5YQKs root@ubuntu-xenial (ECDSA)
<14>Jun 30 14:40:23 ec2: 256 SHA256:/f3yv1ooqUJfNE0EOpq/qdLkUXmx9u67zB29SOEmQ2g root@ubuntu-xenial (ED25519)
<14>Jun 30 14:40:23 ec2: 2048 SHA256:YJuT9dX3VxO14YC5k0XdbTexx0Ye2WG+pqSpyegFXF0 root@ubuntu-xenial (RSA)
<14>Jun 30 14:40:23 ec2: -----END SSH HOST KEY FINGERPRINTS-----
<14>Jun 30 14:40:23 ec2: #############################################################
-----BEGIN SSH HOST KEY KEYS-----
ecdsa-sha2-nistp256 AAAAE2VjZHNhLXNoYTItbmlzdHAyNTYAAAAIbmlzdHAyNTYAAABBBG0gD40nNwIXQ+9ktMiEbiDSmEkd+QtWgFD77GK81qMZhRA7XYl9b5AzdZcBeZ4DyU4cFeJImR88PWI+7uPI9Q0= root@ubuntu-xenial
ssh-ed25519 AAAAC3NzaC1lZDI1NTE5AAAAIFj/6AAIgxkAqVoxbkpC7hIasZdi5AHEWCiDMOvPnxMx root@ubuntu-xenial
ssh-rsa AAAAB3NzaC1yc2EAAAADAQABAAABAQDoQf2ppLBq0jza3YynqlvL62SxSdTiMSznARtnjNFgzYyMdufaVGmrB5j08x3p08h1OePJg4SEv/5hjzFdfCa6mDjMSOdhVIKT+TqHyJ6NrAtiNL/hqjjM+2HaFGvXxTA5jIS+kB2Z7uohH7PG24drdVSnytAA14vlj8c40v8BDCSDUx0jBJGLwwOCiBGgpLLtJx0COfr9U1VpEKntGFM8AdcbFPXSXsfLD0Z7fmRFJHvnF4E6n7C53Y77Usd57ki9J/i/3fDJsqeArEv1m6mHcw0otyV9ZmGfRjFn1XFhjZE4ceAYcct53VbevmMBIUdf8pvYUGZ80k3Hxnjzfhk1 root@ubuntu-xenial
-----END SSH HOST KEY KEYS-----
[   12.952582] cloud-init[1420]: Cloud-init v. 19.4-33-gbb4131a2-0ubuntu1~16.04.1 running 'modules:final' at Tue, 30 Jun 2020 14:40:23 +0000. Up 12.77 seconds.
[   12.960584] cloud-init[1420]: ci-info: no authorized SSH keys fingerprints found for user ubuntu.
[   12.961902] cloud-init[1420]: Cloud-init v. 19.4-33-gbb4131a2-0ubuntu1~16.04.1 finished at Tue, 30 Jun 2020 14:40:23 +0000. Datasource DataSourceNoCloud [seed=/dev/sdb][dsmode=net].  Up 12.94 seconds
[[0;32m  OK  [0m] Started Execute cloud user/final scripts.
[[0;32m  OK  [0m] Reached target Cloud-init target.

Ubuntu 16.04.6 LTS ubuntu-xenial ttyS0

ubuntu-xenial login: 